# JRE version: OpenJDK Runtime Environment (8.0_152-b01) (build 1.8.0_152-release-915-b01)
# Java VM: OpenJDK 64-Bit Server VM (25.152-b01 mixed mode windows-amd64 compressed oops)
Heap:
 PSYoungGen      total 146432K, used 123126K [0x00000000f5580000, 0x0000000100000000, 0x0000000100000000)
  eden space 118272K, 100% used [0x00000000f5580000,0x00000000fc900000,0x00000000fc900000)
  from space 28160K, 17% used [0x00000000fc900000,0x00000000fcdbd8a8,0x00000000fe480000)
  to   space 27136K, 37% used [0x00000000fe580000,0x00000000fef544d0,0x0000000100000000)
 ParOldGen       total 349696K, used 334121K [0x00000000e0000000, 0x00000000f5580000, 0x00000000f5580000)
  object space 349696K, 95% used [0x00000000e0000000,0x00000000f464a708,0x00000000f5580000)
 Metaspace       used 93253K, capacity 99218K, committed 99416K, reserved 1136640K
  class space    used 11590K, capacity 12807K, committed 12928K, reserved 1048576K
GC Heap History (10 events):
Event: 3004.838 GC heap after
Heap after GC invocations=134 (full 5):
 PSYoungGen      total 146432K, used 10784K [0x00000000f5580000, 0x0000000100000000, 0x0000000100000000)
  eden space 120320K, 0% used [0x00000000f5580000,0x00000000f5580000,0x00000000fcb00000)
  from space 26112K, 41% used [0x00000000fcb00000,0x00000000fd5882a0,0x00000000fe480000)
  to   space 25600K, 0% used [0x00000000fe700000,0x00000000fe700000,0x0000000100000000)
 ParOldGen       total 349696K, used 334081K [0x00000000e0000000, 0x00000000f5580000, 0x00000000f5580000)
  object space 349696K, 95% used [0x00000000e0000000,0x00000000f4640708,0x00000000f5580000)
 Metaspace       used 92495K, capacity 97998K, committed 98264K, reserved 1134592K
  class space    used 11504K, capacity 12619K, committed 12800K, reserved 1048576K
}
Event: 4283.584 GC heap before
{Heap before GC invocations=135 (full 5):
 PSYoungGen      total 146432K, used 131104K [0x00000000f5580000, 0x0000000100000000, 0x0000000100000000)
  eden space 120320K, 100% used [0x00000000f5580000,0x00000000fcb00000,0x00000000fcb00000)
  from space 26112K, 41% used [0x00000000fcb00000,0x00000000fd5882a0,0x00000000fe480000)
  to   space 25600K, 0% used [0x00000000fe700000,0x00000000fe700000,0x0000000100000000)
 ParOldGen       total 349696K, used 334081K [0x00000000e0000000, 0x00000000f5580000, 0x00000000f5580000)
  object space 349696K, 95% used [0x00000000e0000000,0x00000000f4640708,0x00000000f5580000)
 Metaspace       used 92578K, capacity 98082K, committed 98264K, reserved 1134592K
  class space    used 11511K, capacity 12633K, committed 12800K, reserved 1048576K
Event: 4283.593 GC heap after
Heap after GC invocations=135 (full 5):
 PSYoungGen      total 144896K, used 4468K [0x00000000f5580000, 0x00000000ffc80000, 0x0000000100000000)
  eden space 122880K, 0% used [0x00000000f5580000,0x00000000f5580000,0x00000000fcd80000)
  from space 22016K, 20% used [0x00000000fe700000,0x00000000feb5d2c8,0x00000000ffc80000)
  to   space 24064K, 0% used [0x00000000fcd80000,0x00000000fcd80000,0x00000000fe500000)
 ParOldGen       total 349696K, used 334089K [0x00000000e0000000, 0x00000000f5580000, 0x00000000f5580000)
  object space 349696K, 95% used [0x00000000e0000000,0x00000000f4642708,0x00000000f5580000)
 Metaspace       used 92578K, capacity 98082K, committed 98264K, reserved 1134592K
  class space    used 11511K, capacity 12633K, committed 12800K, reserved 1048576K
}
Event: 4671.751 GC heap before
{Heap before GC invocations=136 (full 5):
 PSYoungGen      total 144896K, used 127348K [0x00000000f5580000, 0x00000000ffc80000, 0x0000000100000000)
  eden space 122880K, 100% used [0x00000000f5580000,0x00000000fcd80000,0x00000000fcd80000)
  from space 22016K, 20% used [0x00000000fe700000,0x00000000feb5d2c8,0x00000000ffc80000)
  to   space 24064K, 0% used [0x00000000fcd80000,0x00000000fcd80000,0x00000000fe500000)
 ParOldGen       total 349696K, used 334089K [0x00000000e0000000, 0x00000000f5580000, 0x00000000f5580000)
  object space 349696K, 95% used [0x00000000e0000000,0x00000000f4642708,0x00000000f5580000)
 Metaspace       used 92851K, capacity 98582K, committed 98904K, reserved 1134592K
  class space    used 11551K, capacity 12725K, committed 12928K, reserved 1048576K
Event: 4671.797 GC heap after
Heap after GC invocations=136 (full 5):
 PSYoungGen      total 146944K, used 13632K [0x00000000f5580000, 0x0000000100000000, 0x0000000100000000)
  eden space 122880K, 0% used [0x00000000f5580000,0x00000000f5580000,0x00000000fcd80000)
  from space 24064K, 56% used [0x00000000fcd80000,0x00000000fdad0028,0x00000000fe500000)
  to   space 25088K, 0% used [0x00000000fe780000,0x00000000fe780000,0x0000000100000000)
 ParOldGen       total 349696K, used 334097K [0x00000000e0000000, 0x00000000f5580000, 0x00000000f5580000)
  object space 349696K, 95% used [0x00000000e0000000,0x00000000f4644708,0x00000000f5580000)
 Metaspace       used 92851K, capacity 98582K, committed 98904K, reserved 1134592K
  class space    used 11551K, capacity 12725K, committed 12928K, reserved 1048576K
}
Event: 4685.616 GC heap before
{Heap before GC invocations=137 (full 5):
 PSYoungGen      total 146944K, used 136512K [0x00000000f5580000, 0x0000000100000000, 0x0000000100000000)
  eden space 122880K, 100% used [0x00000000f5580000,0x00000000fcd80000,0x00000000fcd80000)
  from space 24064K, 56% used [0x00000000fcd80000,0x00000000fdad0028,0x00000000fe500000)
  to   space 25088K, 0% used [0x00000000fe780000,0x00000000fe780000,0x0000000100000000)
 ParOldGen       total 349696K, used 334097K [0x00000000e0000000, 0x00000000f5580000, 0x00000000f5580000)
  object space 349696K, 95% used [0x00000000e0000000,0x00000000f4644708,0x00000000f5580000)
 Metaspace       used 92994K, capacity 98646K, committed 98904K, reserved 1134592K
  class space    used 11553K, capacity 12725K, committed 12928K, reserved 1048576K
Event: 4685.643 GC heap after
Heap after GC invocations=137 (full 5):
 PSYoungGen      total 143360K, used 21828K [0x00000000f5580000, 0x0000000100000000, 0x0000000100000000)
  eden space 118272K, 0% used [0x00000000f5580000,0x00000000f5580000,0x00000000fc900000)
  from space 25088K, 87% used [0x00000000fe780000,0x00000000ffcd13e8,0x0000000100000000)
  to   space 28160K, 0% used [0x00000000fc900000,0x00000000fc900000,0x00000000fe480000)
 ParOldGen       total 349696K, used 334105K [0x00000000e0000000, 0x00000000f5580000, 0x00000000f5580000)
  object space 349696K, 95% used [0x00000000e0000000,0x00000000f4646708,0x00000000f5580000)
 Metaspace       used 92994K, capacity 98646K, committed 98904K, reserved 1134592K
  class space    used 11553K, capacity 12725K, committed 12928K, reserved 1048576K
}
Event: 5023.583 GC heap before
{Heap before GC invocations=138 (full 5):
 PSYoungGen      total 143360K, used 140100K [0x00000000f5580000, 0x0000000100000000, 0x0000000100000000)
  eden space 118272K, 100% used [0x00000000f5580000,0x00000000fc900000,0x00000000fc900000)
  from space 25088K, 87% used [0x00000000fe780000,0x00000000ffcd13e8,0x0000000100000000)
  to   space 28160K, 0% used [0x00000000fc900000,0x00000000fc900000,0x00000000fe480000)
 ParOldGen       total 349696K, used 334105K [0x00000000e0000000, 0x00000000f5580000, 0x00000000f5580000)
  object space 349696K, 95% used [0x00000000e0000000,0x00000000f4646708,0x00000000f5580000)
 Metaspace       used 93039K, capacity 98744K, committed 99160K, reserved 1136640K
  class space    used 11556K, capacity 12730K, committed 12928K, reserved 1048576K
Event: 5023.593 GC heap after
Heap after GC invocations=138 (full 5):
 PSYoungGen      total 146432K, used 4854K [0x00000000f5580000, 0x0000000100000000, 0x0000000100000000)
  eden space 118272K, 0% used [0x00000000f5580000,0x00000000f5580000,0x00000000fc900000)
  from space 28160K, 17% used [0x00000000fc900000,0x00000000fcdbd8a8,0x00000000fe480000)
  to   space 27136K, 0% used [0x00000000fe580000,0x00000000fe580000,0x0000000100000000)
 ParOldGen       total 349696K, used 334113K [0x00000000e0000000, 0x00000000f5580000, 0x00000000f5580000)
  object space 349696K, 95% used [0x00000000e0000000,0x00000000f4648708,0x00000000f5580000)
 Metaspace       used 93039K, capacity 98744K, committed 99160K, reserved 1136640K
  class space    used 11556K, capacity 12730K, committed 12928K, reserved 1048576K
}
Event: 7394.052 GC heap before
{Heap before GC invocations=139 (full 5):
 PSYoungGen      total 146432K, used 123126K [0x00000000f5580000, 0x0000000100000000, 0x0000000100000000)
  eden space 118272K, 100% used [0x00000000f5580000,0x00000000fc900000,0x00000000fc900000)
  from space 28160K, 17% used [0x00000000fc900000,0x00000000fcdbd8a8,0x00000000fe480000)
  to   space 27136K, 0% used [0x00000000fe580000,0x00000000fe580000,0x0000000100000000)
 ParOldGen       total 349696K, used 334113K [0x00000000e0000000, 0x00000000f5580000, 0x00000000f5580000)
  object space 349696K, 95% used [0x00000000e0000000,0x00000000f4648708,0x00000000f5580000)
 Metaspace       used 93253K, capacity 99218K, committed 99416K, reserved 1136640K
  class space    used 11590K, capacity 12807K, committed 12928K, reserved 1048576K

